
P A U P *
Version 4.0a (build 159) for Unix/Linux (built on Nov 17 2017 at 11:35:17)
Tue Jan 30 10:25:28 2018

        -----------------------------NOTICE-----------------------------
          This is an alpha-test version that is still changing rapidly.
          It will expire on 1 Apr 2018.
        
          Please report bugs to dave@phylosolutions.com
        ----------------------------------------------------------------


paup> outgroup 1-2

Outgroup status changed:
  2 taxa transferred to outgroup
  Total number of taxa now in outgroup = 2
  Number of ingroup taxa = 18

paup> set outroot=mono

paup> paup>bootstrap nreps=200 treefile=boot.tre search=heuristic /start=stepwise addseq=random nreps=10 swap=TBR

Error(#152): Command "paup>bootstrap" is unrecognized.
                 If it is spelled correctly, look for problems in a previous command, such as an
                 unintentional semicolon.

paup> bootstrap nreps=200 treefile=boot.tre search=heuristic /start=stepwise addseq=random nreps=10 swap=TBR

Bootstrap method with heuristic search:
  Number of bootstrap replicates = 200
  Starting seed = generated automatically
  Number of characters resampled in each replicate = 382
  Optimality criterion = parsimony
    Character-status summary:
      Of 382 total characters:
        All characters are of type 'unord'
        All characters have equal weight
        198 characters are constant
        61 variable characters are parsimony-uninformative
        Number of parsimony-informative characters = 123
    Gaps are treated as "missing"
  Starting tree(s) obtained via stepwise addition
    Addition sequence: random
    Number of replicates = 10
    Starting seed = generated automatically
    Number of trees held at each step = 1
  Branch-swapping algorithm: tree-bisection-reconnection (TBR) with reconnection limit = 8
    Steepest descent option not in effect
  Initial 'Maxtrees' setting = 100
  Branches collapsed (creating polytomies) if maximum branch length is zero
  'MulTrees' option in effect
  No topological constraints in effect
  Trees are unrooted

  200 bootstrap replicates completed
  Time used = 12.08 sec (CPU time = 12.08 sec)

Trees for each replicate written to treefile: ~/eeob63/eeob563/lab_2/boot.tre

Bootstrap 50% majority-rule consensus tree

                                                               /--------------------- Platypus(1)
/--------------------------------------------------------------+
|                                                              \--------------------- Echidna(2)
|
|                                                              /--------------------- Aardvark(3)
|                                                              |
|                                                              +--------------------- Flying fox(4)
|                                                              |
|                                                              +--------------------- Pig(5)
|                                                              |
|                                                              +--------------------- Dog(6)
|                                                              |
|                                                              +--------------------- Cat(7)
|                                                              |
100                                                            +--------------------- Whale(8)
|                                                              |
|                                                              +--------------------- Armadillo(9)
|                                                              |
|                    /-------------------50--------------------+--------------------- Rabbit(10)
|                    |                                         |
|                    |                                         +--------------------- Mouse(11)
|                    |                                         |
|                    |                                         +--------------------- Tenrec(12)
|                    |                                         |
|                    |                                         +--------------------- Tree shrew(13)
|                    |                                         |
|                    |                                         +--------------------- Hedgehog(17)
\--------------------+                                         |
                     |                                         +--------------------- Human(18)
                     |                                         |
                     |                                         +--------------------- Elephant(19)
                     |                                         |
                     |                                         \--------------------- Sloth(20)
                     |
                     |                    /------------------------------------------ Opossum(14)
                     |                    |
                     \---------98---------+                    /--------------------- Wallaby(15)
                                          \---------51---------+
                                                               \--------------------- Bandicoot(16)

Bipartitions found in one or more trees and frequency of occurrence (bootstrap support values):

         1         2
12345678901234567890          Freq        %
-------------------------------------------
..******************        200.00  100.00%
.............***....        196.50   98.25%
..............**....        102.73   51.36%
..***********...****        100.55   50.27%
.............**.....         83.19   41.59%
...**...............         82.16   41.08%
...**..*............         73.02   36.51%
........*..*........         69.40   34.70%
....*..*............         67.13   33.57%
.....**.............         61.90   30.95%
.................*.*         51.64   25.82%
.................***         49.49   24.74%
........*..........*         49.27   24.64%
..********.**...****         42.41   21.21%
.................**.         38.98   19.49%
.........*.........*         38.41   19.20%
..........*.....*...         35.49   17.75%
..................**         35.15   17.58%
........**.........*         33.93   16.97%
......*...........*.         30.29   15.15%
.........*..*.......         30.22   15.11%
..*********.********         26.55   13.28%
..*...*...........*.         25.22   12.61%
.....*...........*..         25.00   12.50%
..*..**..........**.         24.68   12.34%
..*..............***         23.67   11.83%
................*.*.         22.84   11.42%
..*********.*...****         22.11   11.05%
........**.*.......*         20.13   10.06%
...**..*....*.......         20.01   10.01%
..*...............*.         19.37    9.69%
........*..*.......*         18.43    9.22%
..*..............**.         16.56    8.28%
...**.......*.......         16.56    8.28%
..........*..***....         16.37    8.19%
..*****.************         15.89    7.95%
...........*....*...         15.23    7.61%
................***.         13.23    6.61%
......*..*..........         12.87    6.43%
..********.*********         12.69    6.35%
............*...*...         12.63    6.31%
.............*.*....         12.59    6.29%
.....**..........**.         12.29    6.15%
.......*.*..........         12.19    6.09%
........*........*.*         11.96    5.98%
................**..         11.78    5.89%
....*.......*.......         11.65    5.82%
........*.*.....*...         10.36    5.18%
........**.**......*         10.25    5.12%
...**********...****         10.06    5.03%

1196 groups at (relative) frequency less than 5% not shown

paup> savetrees file=bootMajRule.tree from=1 to=1 savebootp=nodelabels

1 tree saved to file "~/eeob63/eeob563/lab_2/bootMajRule.tree"

paup> gettrees file=boot.tre StoreTreeWts=yes mode=3

Processing TREES block from file: ~/eeob63/eeob563/lab_2/boot.tre
  Keeping: trees from file (replacing any trees already in memory)

The limit of 100 trees (= 'Maxtrees') has been reached.  Do you want to increase Maxtrees?

Do you want to increase 'Maxtrees'? (Y/n)n

  100 trees read from file

  Time used = 53.43 sec (CPU time = 0.01 sec)

paup> contree all/strict=no majrule=yes usetreewts=yes treefile=bootMajRule.tre

50% Majority-rule consensus of 100 trees (using tree weights, sum = 39)

                                                               /--------------------- Platypus(1)
/--------------------------------------------------------------+
|                                                              \--------------------- Echidna(2)
|
|                    /--------------------------------------------------------------- Aardvark(3)
|                    |
|                    +--------------------------------------------------------------- Flying fox(4)
|                    |
|                    +--------------------------------------------------------------- Pig(5)
|                    |
|                    +--------------------------------------------------------------- Dog(6)
100                  |
|                    +--------------------------------------------------------------- Cat(7)
|                    |
|                    +--------------------------------------------------------------- Whale(8)
|                    |
|                    +--------------------------------------------------------------- Armadillo(9)
|                    |
|                    +--------------------------------------------------------------- Rabbit(10)
|                    |
|                    +--------------------------------------------------------------- Mouse(11)
\--------------------+
                     +--------------------------------------------------------------- Tenrec(12)
                     |
                     +--------------------------------------------------------------- Tree shrew(13)
                     |
                     |                    /------------------------------------------ Opossum(14)
                     |                    |
                     +---------95---------+                    /--------------------- Wallaby(15)
                     |                    \---------52---------+
                     |                                         \--------------------- Bandicoot(16)
                     |
                     +--------------------------------------------------------------- Hedgehog(17)
                     |
                     +--------------------------------------------------------------- Human(18)
                     |
                     +--------------------------------------------------------------- Elephant(19)
                     |
                     \--------------------------------------------------------------- Sloth(20)

Bipartitions found in one or more trees and frequency of occurrence:

         1         2
12345678901234567890          Freq        %
-------------------------------------------
..******************         39.00  100.00%
.............***....         37.00   94.87%
..............**....         20.18   51.75%
..***********...****         14.82   37.99%
.............**.....         14.07   36.07%
....*..*............         12.83   32.91%
.....**.............         11.65   29.87%
........*..*........         11.63   29.83%
........*..........*         10.60   27.18%
...**...............         10.24   26.26%
...**..*............         10.18   26.09%
.........*.........*         10.00   25.64%
......*...........*.          9.07   23.25%
........**.........*          8.80   22.56%
.................*.*          8.50   21.79%
........**.*.......*          7.73   19.83%
.................**.          7.23   18.55%
..*********.********          7.23   18.55%
.................***          6.50   16.67%
..********.**...****          6.20   15.90%
..*...*...........*.          6.07   15.56%
..*..**..........**.          6.00   15.38%
.........*..*.......          6.00   15.38%
.....*...........*..          5.75   14.74%
..*********.*...****          5.40   13.85%
............*...*...          5.33   13.68%
..........*.....*...          5.07   12.99%
....*.......*.......          5.00   12.82%
................*.*.          4.30   11.03%
..*..............**.          4.20   10.77%
...**.......*.......          4.00   10.26%
...**..*....*.......          4.00   10.26%
.............*.*....          3.75    9.62%
........*..*.......*          3.60    9.23%
..*...*..........**.          3.57    9.15%
..................**          3.50    8.97%
..*...............*.          3.40    8.72%
.........*..*......*          3.33    8.55%
..*..........***.**.          3.20    8.21%
................**..          3.20    8.21%
..*..............*..          3.17    8.12%
...........*....*...          3.07    7.86%
......**............          3.00    7.69%
..*..*...........**.          3.00    7.69%
........**.**......*          3.00    7.69%
...*****************          2.92    7.50%
..........*..***....          2.83    7.26%
.......*..........*.          2.83    7.26%
................***.          2.55    6.54%
.......*.*..........          2.55    6.54%
...........*.***....          2.40    6.15%
........**..........          2.40    6.15%
.....**...*.........          2.33    5.98%
........*..**.......          2.33    5.98%
.........*.*........          2.20    5.64%
........**.*....*..*          2.20    5.64%
................**.*          2.00    5.13%
........*.*..***....          2.00    5.13%
..********.*********          2.00    5.13%
...*........*.......          2.00    5.13%
..*********.*....***          2.00    5.13%
..*********.****.***          2.00    5.13%
..*..**...*......**.          2.00    5.13%
..*..............***          2.00    5.13%
.....*....*.....*...          2.00    5.13%
........*.*.....*...          2.00    5.13%
.....*......*...*...          2.00    5.13%
...**..***.**...*..*          1.87    4.79%
...**..***.**......*          1.83    4.70%
..........*.*...*...          1.80    4.62%
...**********...*..*          1.80    4.62%
.....*......*.......          1.80    4.62%
.....**...*.....***.          1.75    4.49%
..*.............***.          1.75    4.49%
...**********...****          1.75    4.49%
..*****.************          1.70    4.36%
...*....**.........*          1.67    4.27%
.....*..........*...          1.62    4.17%
.....**...*.....*...          1.62    4.17%
..*..**.**...*******          1.60    4.10%
..*...*.**...***.***          1.60    4.10%
........**..*......*          1.53    3.93%
..*....*.........**.          1.53    3.93%
..*..***.........**.          1.53    3.93%
........*..*....*...          1.50    3.85%
..******.**.*...***.          1.50    3.85%
...***.******...*..*          1.40    3.59%
.............***.**.          1.40    3.59%
...****.............          1.40    3.59%
...*.**.............          1.40    3.59%
...****.....*.......          1.40    3.59%
...**********...*.*.          1.38    3.53%
...**************.*.          1.38    3.53%
........*.......*...          1.38    3.53%
..*....*.....******.          1.33    3.42%
......*..*..........          1.30    3.33%
..*....*........***.          1.25    3.21%
...***************.*          1.25    3.21%
.....*...........**.          1.20    3.08%
..*****.**.*********          1.20    3.08%
..**.***.........**.          1.20    3.08%
..*..**.**..*....***          1.17    2.99%
......*...*.........          1.12    2.88%
........*........*.*          1.12    2.88%
..*..**.************          1.10    2.82%
.........*......**.*          1.00    2.56%
.....**.....*.......          1.00    2.56%
..*..**.....*.....*.          1.00    2.56%
..******....*.....*.          1.00    2.56%
..*******.*.****..*.          1.00    2.56%
...**......**.......          1.00    2.56%
...****...***.......          1.00    2.56%
........****.......*          1.00    2.56%
..*...*.....*....**.          1.00    2.56%
..*..**.....*....**.          1.00    2.56%
..*..**.....*...***.          1.00    2.56%
..**.**.....*...***.          1.00    2.56%
..******....*...***.          1.00    2.56%
....*.**............          1.00    2.56%
...**.**............          1.00    2.56%
.....*..**.**......*          1.00    2.56%
..*..*..**.**...****          1.00    2.56%
......*.........*.*.          1.00    2.56%
...**.**........*.*.          1.00    2.56%
...*****........***.          1.00    2.56%
..******........***.          1.00    2.56%
......*...*.......*.          1.00    2.56%
....*...*..**.......          1.00    2.56%
.....*...*..........          1.00    2.56%
.....*...*......*...          1.00    2.56%
...*.*...*......*...          1.00    2.56%
...***..**.**...*...          1.00    2.56%
...***.***.**...*...          1.00    2.56%
......*.**.........*          1.00    2.56%
..*..**.**...***.***          1.00    2.56%
..********..********          1.00    2.56%
.....**.........***.          1.00    2.56%
...**..******...*..*          1.00    2.56%
......*...*.....*.*.          1.00    2.56%
........**...***...*          1.00    2.56%
..*.....**...***...*          1.00    2.56%
..*..**.***..*******          1.00    2.56%
..*..******..*******          1.00    2.56%
........*........***          1.00    2.56%
........**..*....***          1.00    2.56%
....*.....*.........          1.00    2.56%
....*.**..*.........          1.00    2.56%
....****..*.........          1.00    2.56%
..*.****..*.........          1.00    2.56%
..******..*.........          1.00    2.56%
............*****...          1.00    2.56%
.......*.........***          1.00    2.56%
...****...*.........          1.00    2.56%
...****..**.........          1.00    2.56%
...*****.**......***          1.00    2.56%
..******.**......***          1.00    2.56%
..******.**.********          1.00    2.56%
.....**..........**.          1.00    2.56%
..*..**.**.*.....***          1.00    2.56%
..*..**.**.*.***.***          1.00    2.56%
..*****.**.*****.***          1.00    2.56%
........**.**...*..*          1.00    2.56%
..*..*...........*..          1.00    2.56%
..*..**...*.*...***.          1.00    2.56%
..*.****..*.*...***.          1.00    2.56%
........*.......**.*          1.00    2.56%
........*.*.....**.*          1.00    2.56%
........***.....**.*          1.00    2.56%
........***..*****.*          1.00    2.56%
........***.******.*          1.00    2.56%
........**********.*          1.00    2.56%
.....**.**********.*          1.00    2.56%
....***.**********.*          1.00    2.56%
...****.**********.*          1.00    2.56%
....*...**.**...*..*          1.00    2.56%
.....**.*.*.....*...          1.00    2.56%
..*..**.*.*.....****          1.00    2.56%
..*******.*.....****          1.00    2.56%
..*********.***.****          1.00    2.56%
..*************.****          1.00    2.56%
........***.****....          1.00    2.56%
...**..****.****....          1.00    2.56%
...********.****....          1.00    2.56%
...********.****.***          1.00    2.56%
........**.......***          1.00    2.56%
...*****..*.*.......          1.00    2.56%
...********.*....***          1.00    2.56%
......**.*..........          1.00    2.56%
......**.**.........          1.00    2.56%
.....***.**.*...*...          1.00    2.56%
...*****.**.*...*...          1.00    2.56%
..*...........*..**.          1.00    2.56%
..*...........**.**.          1.00    2.56%
..*..**.**.*....****          1.00    2.56%
..*.....*..*........          1.00    2.56%
..*.....*..*.....**.          1.00    2.56%
..*..**.*.**....***.          1.00    2.56%
..*..**.*****...****          1.00    2.56%
..*.*********...****          1.00    2.56%
...****.**.**......*          1.00    2.56%
..*....*..*..******.          1.00    2.56%
......*..........***          1.00    2.56%
...***.*.*..*.......          1.00    2.56%
...***.****.*...*...          1.00    2.56%
...********.*...****          1.00    2.56%
..*..***.**......**.          1.00    2.56%
..*..***.**.*...***.          1.00    2.56%
.......**..........*          1.00    2.56%
....*..**...*......*          1.00    2.56%
.....*..........**..          1.00    2.56%
..*......*..........          1.00    2.56%
..*......*.*........          1.00    2.56%
..*...*..*.*......*.          1.00    2.56%
..*..**..*.*....***.          1.00    2.56%
..**.**..*.*....***.          1.00    2.56%
..**.**..***....***.          1.00    2.56%
......**..*.........          1.00    2.56%
.....***..*.*...*...          1.00    2.56%
....****..*.*...*...          1.00    2.56%
...*****..*.*...*...          1.00    2.56%
..*......*.*.....**.          1.00    2.56%
..*.....**.*.....**.          1.00    2.56%
..*.....**.*.....***          1.00    2.56%
..........*.*.......          1.00    2.56%
.............***..*.          1.00    2.56%
.............***.***          1.00    2.56%
..*..........***.***          1.00    2.56%
..*..**.**.*.*******          1.00    2.56%
...*....**.**......*          1.00    2.56%
..***********...*.**          1.00    2.56%
..*..**.........***.          0.98    2.52%
..*...*.**.......***          0.90    2.31%
...****.*****......*          0.83    2.14%
..*..**.***.********          0.83    2.14%
.......*.........**.          0.83    2.14%
..******.*..*...***.          0.80    2.05%
.....*..*.......*...          0.80    2.05%
.....**.**......*...          0.80    2.05%
..**.**.************          0.80    2.05%
.......*........***.          0.75    1.92%
.....*..........***.          0.75    1.92%
........**.......*.*          0.75    1.92%
.......*...*........          0.67    1.71%
...**..*...*........          0.67    1.71%
..*..**.***.*...****          0.67    1.71%
...........**...*...          0.67    1.71%
...*....**.**...*..*          0.67    1.71%
.......**...........          0.67    1.71%
.....**....*........          0.67    1.71%
..*..**....*.***.**.          0.67    1.71%
..*.....*.......****          0.65    1.67%
...**.....*.*...*...          0.60    1.54%
...**..*..*.*...*...          0.60    1.54%
...**..**.***...*...          0.60    1.54%
...**.*******...*..*          0.60    1.54%
.....*.....**.......          0.60    1.54%
...*.*.....**.......          0.60    1.54%
...***.....**.......          0.60    1.54%
..*...*****..*******          0.60    1.54%
..*...****...***.***          0.60    1.54%
........**.**.......          0.60    1.54%
...**..***.**.......          0.60    1.54%
..*..**..........***          0.60    1.54%
.....*..**..*......*          0.53    1.37%
...****..****.......          0.50    1.28%
..*****.*****......*          0.50    1.28%
..*****.*****...****          0.50    1.28%
.....*..**.**....***          0.50    1.28%
..*.............*...          0.50    1.28%
..*..........***....          0.50    1.28%
.....**.........*...          0.50    1.28%
........*.*.........          0.50    1.28%
...*.....*..........          0.50    1.28%
..**..*..*.......**.          0.50    1.28%
..**.**..*.......**.          0.50    1.28%
..**.**..**......**.          0.50    1.28%
..**.**..**.*....**.          0.50    1.28%
..**.**..**.*...***.          0.50    1.28%
...***..............          0.50    1.28%
...***...*..*.......          0.50    1.28%
...***...*..*....*..          0.50    1.28%
..*****..*..*....**.          0.50    1.28%
..*****.**..*....***          0.50    1.28%
..*****.**..*...****          0.50    1.28%
..*****.***.*...****          0.50    1.28%
..*....*..........*.          0.50    1.28%
...**..*.*..*.......          0.50    1.28%
.....*...*..*.......          0.50    1.28%
..*..***..*......**.          0.50    1.28%
..........*..****...          0.50    1.28%
......*.**.......*.*          0.50    1.28%
..*...*.**.......*.*          0.50    1.28%
..*.*******.********          0.50    1.28%
........*.**.****...          0.50    1.28%
......*..*.......***          0.50    1.28%
..*...*..*.......***          0.50    1.28%
..*...*.****.*******          0.50    1.28%
....*..**...****...*          0.50    1.28%
...*...*............          0.46    1.18%
.......***.*.......*          0.40    1.03%
...**..***.*.......*          0.40    1.03%
..*...*..........***          0.40    1.03%
..*...*..*..*....**.          0.40    1.03%
..*..**..*..*....**.          0.40    1.03%
..********..*...****          0.40    1.03%
...**..***.**...*...          0.40    1.03%
..*..*...........***          0.40    1.03%
.......*.*...***....          0.40    1.03%
..*.....*.*.....****          0.40    1.03%
..*....****..*******          0.40    1.03%
.......*.*..*.......          0.40    1.03%
..**.**.........***.          0.40    1.03%
..*****.........***.          0.40    1.03%
.......*...*......*.          0.38    0.96%
...**..*...*......*.          0.38    0.96%
...*****..**....*.*.          0.38    0.96%
........**..****.*.*          0.38    0.96%
...**..**..*....*.*.          0.38    0.96%
...***.**..*....*.*.          0.38    0.96%
...******..*....*.*.          0.38    0.96%
...******.**....*.*.          0.38    0.96%
..*..**...*..******.          0.33    0.85%
..**.******.********          0.33    0.85%
..*..**.**..*...****          0.33    0.85%
..*...*.**..*....***          0.33    0.85%
...**...**.**......*          0.33    0.85%
...*.....*.........*          0.33    0.85%
...**...**..*......*          0.33    0.85%
...**...**.**...*..*          0.33    0.85%
..*..*.*.........**.          0.33    0.85%
.......**.*.....*...          0.33    0.85%
..*..****.**.******.          0.33    0.85%
..*******.**.******.          0.33    0.85%
.......**.*.........          0.33    0.85%
..*..****.**.***.**.          0.33    0.85%
..*******.**.***.**.          0.33    0.85%
..**************.***          0.33    0.85%
....*...**.**......*          0.33    0.85%
...*.**...*.........          0.33    0.85%
.......*........*...          0.33    0.85%
..*....**.......****          0.25    0.64%
..*******.***...****          0.25    0.64%
..*****.*.***...****          0.25    0.64%
..*..**...*.....***.          0.25    0.64%
...*****..***...*.*.          0.25    0.64%
...*****.********.*.          0.25    0.64%
.......**.......*.*.          0.25    0.64%
.......**..*....*.*.          0.25    0.64%
........**...***.*.*          0.25    0.64%
........**.*****.*.*          0.25    0.64%
...**..***.*****.*.*          0.25    0.64%
..*........*.***.***          0.20    0.51%
...*......*.*.......          0.20    0.51%
...**.....*.*.......          0.20    0.51%
.....**.*.......*...          0.20    0.51%
..*......*.*.***.***          0.20    0.51%
..*...*.........***.          0.20    0.51%
..*...*.**......****          0.20    0.51%
..*...*.**...*******          0.20    0.51%
..*...*.***..*******          0.20    0.51%
.....*.....**...*...          0.20    0.51%
...*.*.....**...*...          0.20    0.51%
...***.....**...*...          0.20    0.51%
..*...*****..***.***          0.20    0.51%
...*.......*....*...          0.20    0.51%
...**......*....*...          0.20    0.51%
.....*..**..****.***          0.20    0.51%
..*..*..**..****.***          0.20    0.51%
..*..**.**..****.***          0.20    0.51%
..*...*......***.**.          0.20    0.51%
..*..**..*..*...***.          0.20    0.51%
..*.****.*..*...***.          0.20    0.51%
..******.*..*....**.          0.20    0.51%
..*..**.........****          0.20    0.51%
........*..*....*..*          0.20    0.51%
..******.........**.          0.20    0.51%
..******....*....**.          0.20    0.51%
....**.*..*.....*...          0.17    0.43%
.........*..****....          0.12    0.32%
..*.....**..****.*.*          0.12    0.32%
...*****.****...*.*.          0.12    0.32%
.........*...***....          0.12    0.32%
........*.......*.*.          0.12    0.32%
........*..*....*.*.          0.12    0.32%
.......**.......*...          0.12    0.32%

Consensus tree(s) written to treefile: ~/eeob63/eeob563/lab_2/bootMajRule.tre

paup> log stop
